\BOOKMARK [0][]{Contents.0}{\376\377\000T\000a\000b\000l\000e\000\040\000o\000f\000\040\000c\000o\000n\000t\000e\000n\000t\000s}{}% 1
\BOOKMARK [0][]{chapter*.5}{\376\377\000L\000i\000s\000t\000\040\000o\000f\000\040\000f\000i\000g\000u\000r\000e\000s}{}% 2
\BOOKMARK [0][]{chapter*.6}{\376\377\000L\000i\000s\000t\000\040\000o\000f\000\040\000t\000a\000b\000l\000e\000s}{}% 3
\BOOKMARK [0][]{chapter*.7}{\376\377\000N\000o\000m\000e\000n\000c\000l\000a\000t\000u\000r\000e}{}% 4
\BOOKMARK [0][]{chapter.1}{\376\377\0001\000\040\000I\000n\000t\000r\000o\000d\000u\000c\000t\000i\000o\000n}{}% 5
\BOOKMARK [1][]{section.1.1}{\376\377\0001\000.\0001\000\040\000X\000X\000X\000X\000X}{chapter.1}% 6
\BOOKMARK [1][]{section.1.2}{\376\377\0001\000.\0002\000\040\000X\000X\000X\000X\000X\000X}{chapter.1}% 7
\BOOKMARK [0][]{chapter.2}{\376\377\0002\000\040\000T\000h\000e\000o\000r\000y}{}% 8
\BOOKMARK [1][]{section.2.1}{\376\377\0002\000.\0001\000\040\000T\000h\000e\000o\000r\000y\000\040\000o\000f\000\040\000n\000e\000u\000t\000r\000i\000n\000o\000\040\000p\000h\000y\000s\000i\000c\000s}{chapter.2}% 9
\BOOKMARK [1][]{section.2.2}{\376\377\0002\000.\0002\000\040\000N\000u\000c\000l\000e\000o\000n\000\040\000d\000e\000c\000a\000y\000\040\000i\000n\000\040\000G\000r\000a\000n\000d\000\040\000U\000n\000i\000f\000y\000i\000n\000g\000\040\000T\000h\000e\000o\000r\000i\000e\000s}{chapter.2}% 10
\BOOKMARK [1][]{section.2.3}{\376\377\0002\000.\0003\000\040\000B\000a\000c\000k\000g\000r\000o\000u\000n\000d\000\040\000t\000o\000\040\000n\000u\000c\000l\000e\000o\000n\000\040\000d\000e\000c\000a\000y}{chapter.2}% 11
\BOOKMARK [1][]{section.2.4}{\376\377\0002\000.\0004\000\040\000E\000x\000i\000s\000i\000t\000i\000n\000g\000\040\000a\000n\000d\000\040\000f\000u\000t\000u\000r\000e\000\040\000e\000x\000p\000e\000r\000i\000m\000e\000n\000t\000s}{chapter.2}% 12
\BOOKMARK [1][]{section.2.5}{\376\377\0002\000.\0005\000\040\000H\000o\000w\000\040\000L\000i\000q\000u\000i\000d\000\040\000A\000r\000g\000o\000n\000e\000\040\000T\000i\000m\000e\000\040\000P\000r\000o\000j\000e\000c\000t\000i\000o\000n\000\040\000C\000h\000a\000m\000b\000e\000r\000s\000\040\000w\000o\000r\000k}{chapter.2}% 13
\BOOKMARK [0][]{chapter.3}{\376\377\0003\000\040\000T\000h\000e\000\040\000D\000e\000e\000p\000\040\000U\000n\000d\000e\000r\000g\000r\000o\000u\000n\000d\000\040\000N\000e\000u\000t\000r\000i\000n\000o\000\040\000E\000x\000p\000e\000r\000i\000m\000e\000n\000t}{}% 14
\BOOKMARK [1][]{section.3.1}{\376\377\0003\000.\0001\000\040\000T\000h\000e\000\040\000D\000U\000N\000E\000\040\000s\000c\000h\000e\000d\000u\000l\000e}{chapter.3}% 15
\BOOKMARK [1][]{section.3.2}{\376\377\0003\000.\0002\000\040\000L\000B\000N\000F\000\040\000-\000\040\000t\000h\000e\000\040\000D\000U\000N\000E\000\040\000d\000e\000t\000e\000c\000t\000o\000r\000\040\000l\000o\000c\000a\000t\000i\000o\000n\000\040\000a\000n\000d\000\040\000n\000e\000u\000t\000r\000i\000n\000o\000\040\000b\000e\000a\000m}{chapter.3}% 16
\BOOKMARK [1][]{section.3.3}{\376\377\0003\000.\0003\000\040\000T\000h\000e\000\040\000p\000o\000t\000e\000n\000t\000i\000a\000l\000\040\000D\000U\000N\000E\000\040\000D\000e\000t\000e\000c\000t\000o\000r\000\040\000d\000e\000s\000i\000g\000n\000s}{chapter.3}% 17
\BOOKMARK [2][]{subsection.3.3.1}{\376\377\0003\000.\0003\000.\0001\000\040\000T\000h\000e\000\040\000s\000i\000n\000g\000l\000e\000\040\000p\000h\000a\000s\000e\000\040\000d\000e\000t\000e\000c\000t\000o\000r\000\040\000d\000e\000s\000i\000g\000n}{section.3.3}% 18
\BOOKMARK [2][]{subsection.3.3.2}{\376\377\0003\000.\0003\000.\0002\000\040\000T\000h\000e\000\040\000d\000u\000a\000l\000\040\000p\000h\000a\000s\000e\000\040\000d\000e\000t\000e\000c\000t\000o\000r\000\040\000d\000e\000s\000i\000g\000n}{section.3.3}% 19
\BOOKMARK [2][]{subsection.3.3.3}{\376\377\0003\000.\0003\000.\0003\000\040\000R\000e\000f\000e\000r\000e\000n\000c\000e\000\040\000n\000e\000a\000r\000\040\000d\000e\000t\000e\000c\000t\000o\000r\000\040\000d\000e\000s\000i\000g\000n}{section.3.3}% 20
\BOOKMARK [1][]{section.3.4}{\376\377\0003\000.\0004\000\040\000T\000h\000e\000\040\000p\000h\000y\000s\000i\000c\000s\000\040\000c\000a\000p\000a\000b\000i\000l\000i\000t\000i\000e\000s\000\040\000o\000f\000\040\000D\000U\000N\000E}{chapter.3}% 21
\BOOKMARK [2][]{subsection.3.4.1}{\376\377\0003\000.\0004\000.\0001\000\040\000N\000e\000u\000t\000r\000i\000n\000o\000\040\000p\000h\000y\000s\000i\000c\000s}{section.3.4}% 22
\BOOKMARK [2][]{subsection.3.4.2}{\376\377\0003\000.\0004\000.\0002\000\040\000N\000u\000c\000l\000e\000o\000n\000\040\000d\000e\000c\000a\000y}{section.3.4}% 23
\BOOKMARK [2][]{subsection.3.4.3}{\376\377\0003\000.\0004\000.\0003\000\040\000T\000h\000e\000\040\000d\000e\000t\000e\000c\000t\000i\000o\000n\000\040\000o\000f\000\040\000s\000u\000p\000e\000r\000n\000o\000v\000a\000\040\000n\000e\000u\000t\000r\000i\000n\000o\000\040\000b\000u\000r\000s\000t\000s\000\040\000a\000n\000d\000\040\000o\000t\000h\000e\000r\000\040\000p\000h\000y\000s\000i\000c\000s\000\040\000o\000p\000p\000o\000r\000t\000u\000n\000i\000t\000i\000e\000s}{section.3.4}% 24
\BOOKMARK [1][]{section.3.5}{\376\377\0003\000.\0005\000\040\000P\000a\000t\000h\000\040\000t\000o\000\040\000b\000u\000i\000l\000d\000i\000n\000g\000\040\000D\000U\000N\000E\000\040\000-\000\040\000T\000h\000e\000\040\0003\0005\000\040\000t\000o\000n\000\040\000p\000r\000o\000t\000o\000t\000y\000p\000e}{chapter.3}% 25
\BOOKMARK [1][]{section.3.6}{\376\377\0003\000.\0006\000\040\000T\000h\000e\000\040\000D\000U\000N\000E\000\040\000s\000o\000f\000t\000w\000a\000r\000e}{chapter.3}% 26
\BOOKMARK [0][]{chapter.4}{\376\377\0004\000\040\000T\000h\000e\000\040\0003\0005\000\040\000t\000o\000n\000\040\000c\000a\000m\000e\000r\000a\000\040\000s\000y\000s\000t\000e\000m}{}% 27
\BOOKMARK [1][]{section.4.1}{\376\377\0004\000.\0001\000\040\000T\000h\000e\000\040\000s\000e\000l\000e\000c\000t\000i\000o\000n\000\040\000a\000n\000d\000\040\000c\000h\000a\000r\000a\000c\000t\000e\000r\000i\000s\000a\000t\000i\000o\000n\000\040\000o\000f\000\040\000c\000a\000m\000e\000r\000a\000s}{chapter.4}% 28
\BOOKMARK [1][]{section.4.2}{\376\377\0004\000.\0002\000\040\000T\000h\000e\000\040\000d\000e\000s\000i\000g\000n\000\040\000o\000f\000\040\000t\000h\000e\000\040\000c\000a\000m\000e\000r\000a\000\040\000s\000y\000s\000t\000e\000m}{chapter.4}% 29
\BOOKMARK [1][]{section.4.3}{\376\377\0004\000.\0003\000\040\000P\000e\000r\000f\000o\000r\000m\000a\000n\000c\000e\000\040\000i\000n\000\040\000t\000h\000e\000\040\0003\0005\000\040\000t\000o\000n}{chapter.4}% 30
\BOOKMARK [0][]{chapter.5}{\376\377\0005\000\040\000S\000i\000m\000u\000l\000a\000t\000i\000o\000n\000s\000\040\000o\000f\000\040\000t\000h\000e\000\040\0003\0005\000\040\000t\000o\000n\000\040\000p\000r\000o\000t\000o\000t\000y\000p\000e}{}% 31
\BOOKMARK [1][]{section.5.1}{\376\377\0005\000.\0001\000\040\000D\000e\000t\000e\000r\000m\000i\000n\000a\000t\000i\000o\000n\000\040\000o\000f\000\040\000i\000n\000t\000e\000r\000a\000c\000t\000i\000o\000n\000\040\000t\000i\000m\000e\000s}{chapter.5}% 32
\BOOKMARK [1][]{section.5.2}{\376\377\0005\000.\0002\000\040\000C\000a\000l\000i\000b\000r\000a\000t\000i\000n\000g\000\040\000c\000a\000l\000o\000r\000i\000m\000e\000t\000r\000i\000c\000\040\000c\000o\000n\000s\000t\000a\000n\000t\000s}{chapter.5}% 33
\BOOKMARK [1][]{section.5.3}{\376\377\0005\000.\0003\000\040\000D\000i\000s\000c\000e\000r\000n\000i\000n\000g\000\040\000r\000e\000c\000o\000n\000s\000t\000r\000u\000c\000t\000i\000o\000n\000\040\000e\000f\000f\000i\000c\000i\000e\000n\000c\000i\000e\000s}{chapter.5}% 34
\BOOKMARK [1][]{section.5.4}{\376\377\0005\000.\0004\000\040\000P\000e\000r\000f\000o\000r\000m\000i\000n\000g\000\040\000p\000a\000r\000t\000i\000c\000l\000e\000\040\000i\000d\000e\000n\000t\000i\000f\000i\000c\000a\000t\000i\000o\000n}{chapter.5}% 35
\BOOKMARK [0][]{chapter.6}{\376\377\0006\000\040\000T\000h\000e\000\040\0003\0005\000\040\000t\000o\000n\000\040\000d\000a\000t\000a\000\040\000s\000a\000m\000p\000l\000e}{}% 36
\BOOKMARK [1][]{section.6.1}{\376\377\0006\000.\0001\000\040\000O\000r\000g\000a\000n\000i\000s\000a\000t\000i\000o\000n\000\040\000o\000f\000\040\000t\000h\000e\000\040\000d\000a\000t\000a\000\040\000s\000t\000r\000u\000c\000t\000u\000r\000e}{chapter.6}% 37
\BOOKMARK [1][]{section.6.2}{\376\377\0006\000.\0002\000\040\000R\000e\000f\000o\000r\000m\000a\000t\000t\000i\000n\000g\000\040\000t\000h\000e\000\040\000d\000a\000t\000a\000\040\000t\000o\000\040\000t\000h\000e\000\040\000o\000f\000f\000l\000i\000n\000e\000\040\000s\000t\000r\000u\000c\000t\000u\000r\000e}{chapter.6}% 38
\BOOKMARK [1][]{section.6.3}{\376\377\0006\000.\0003\000\040\000O\000b\000s\000e\000r\000v\000a\000t\000i\000o\000n\000s\000\040\000o\000n\000\040\000d\000a\000t\000a\000\040\000q\000u\000a\000l\000i\000t\000y\000\040\000a\000n\000d\000\040\000n\000o\000i\000s\000e\000\040\000m\000i\000t\000i\000g\000a\000t\000i\000o\000n}{chapter.6}% 39
\BOOKMARK [1][]{section.6.4}{\376\377\0006\000.\0004\000\040\000P\000e\000r\000f\000o\000r\000m\000a\000n\000c\000e\000\040\000o\000f\000\040\000r\000e\000c\000o\000n\000s\000t\000r\000u\000c\000t\000i\000o\000n\000\040\000a\000l\000g\000o\000r\000i\000t\000h\000m\000s}{chapter.6}% 40
\BOOKMARK [1][]{section.6.5}{\376\377\0006\000.\0005\000\040\000M\000e\000a\000s\000u\000r\000i\000n\000g\000\040\000i\000n\000t\000e\000r\000a\000c\000t\000i\000o\000n\000\040\000t\000i\000m\000e\000s\000\040\000u\000s\000i\000n\000g\000\040\000e\000l\000e\000c\000t\000r\000o\000n\000\040\000d\000i\000f\000f\000u\000s\000i\000o\000n}{chapter.6}% 41
\BOOKMARK [2][]{subsection.6.5.1}{\376\377\0006\000.\0005\000.\0001\000\040\000D\000e\000t\000e\000r\000m\000i\000n\000i\000n\000g\000\040\000i\000n\000t\000e\000r\000a\000c\000t\000i\000o\000n\000\040\000t\000i\000m\000e\000s\000\040\000i\000n\000\040\0003\0005\000\040\000t\000o\000n\000\040\000d\000a\000t\000a}{section.6.5}% 42
\BOOKMARK [2][]{subsection.6.5.2}{\376\377\0006\000.\0005\000.\0002\000\040\000D\000e\000t\000e\000r\000m\000i\000n\000i\000n\000g\000\040\000i\000n\000t\000e\000r\000a\000c\000t\000i\000o\000n\000\040\000t\000i\000m\000e\000s\000\040\000i\000n\000\040\000a\000\040\000l\000o\000w\000-\000n\000o\000i\000s\000e\000\040\000d\000e\000t\000e\000c\000t\000o\000r\000\040\000u\000s\000i\000n\000g\000\040\000M\000o\000n\000t\000e\000\040\000C\000a\000r\000l\000o\000,\000\040\000a\000n\000d\000\040\000d\000i\000f\000f\000e\000r\000e\000n\000c\000e\000s\000\040\000w\000i\000t\000h\000\040\000d\000a\000t\000a}{section.6.5}% 43
\BOOKMARK [2][]{subsection.6.5.3}{\376\377\0006\000.\0005\000.\0003\000\040\000D\000i\000s\000c\000e\000r\000n\000i\000n\000g\000\040\000t\000h\000e\000\040\000i\000m\000p\000a\000c\000t\000\040\000o\000f\000\040\000c\000h\000a\000n\000g\000i\000n\000g\000\040\000d\000e\000t\000e\000c\000t\000o\000r\000\040\000p\000r\000o\000p\000e\000r\000t\000i\000e\000s\000\040\000u\000s\000i\000n\000g\000\040\000M\000o\000n\000t\000e\000\040\000C\000a\000r\000l\000o\000\040\000s\000a\000m\000p\000l\000e\000s}{section.6.5}% 44
\BOOKMARK [2][]{subsection.6.5.4}{\376\377\0006\000.\0005\000.\0004\000\040\000T\000h\000e\000\040\000l\000i\000m\000i\000t\000a\000t\000i\000o\000n\000s\000\040\000o\000f\000\040\000a\000n\000d\000\040\000f\000u\000t\000u\000r\000e\000\040\000i\000m\000p\000r\000o\000v\000e\000m\000e\000n\000t\000s\000\040\000t\000o\000\040\000t\000h\000e\000\040\000m\000e\000t\000h\000o\000d\000\040\000o\000f\000\040\000i\000n\000t\000e\000r\000a\000c\000t\000i\000o\000n\000\040\000t\000i\000m\000e\000\040\000d\000e\000t\000e\000r\000m\000i\000n\000a\000t\000i\000o\000n\000\040\000u\000s\000i\000n\000g\000\040\000d\000i\000f\000f\000u\000s\000i\000o\000n}{section.6.5}% 45
\BOOKMARK [0][]{chapter.7}{\376\377\0007\000\040\000S\000i\000m\000u\000l\000a\000t\000i\000o\000n\000s\000\040\000o\000f\000\040\000t\000h\000e\000\040\000D\000U\000N\000E\000\040\000F\000a\000r\000\040\000D\000e\000t\000e\000c\000t\000o\000r}{}% 46
\BOOKMARK [1][]{section.7.1}{\376\377\0007\000.\0001\000\040\000S\000i\000m\000u\000l\000a\000t\000i\000o\000n\000s\000\040\000o\000f\000\040\000t\000h\000e\000\040\000L\000B\000N\000E\000\040\000s\000u\000r\000f\000a\000c\000e\000\040\000d\000e\000t\000e\000c\000t\000o\000r}{chapter.7}% 47
\BOOKMARK [2][]{subsection.7.1.1}{\376\377\0007\000.\0001\000.\0001\000\040\000D\000e\000s\000c\000r\000i\000p\000t\000i\000o\000n\000\040\000o\000f\000\040\000c\000u\000t\000s\000\040\000u\000s\000e\000d}{section.7.1}% 48
\BOOKMARK [2][]{subsection.7.1.2}{\376\377\0007\000.\0001\000.\0002\000\040\000B\000a\000c\000k\000g\000r\000o\000u\000n\000d\000\040\000w\000i\000t\000h\000\040\000t\000h\000e\000\040\000s\000i\000m\000p\000l\000e\000\040\000g\000e\000o\000m\000e\000t\000r\000y\000,\000\040\000a\000n\000d\000\040\000f\000l\000a\000t\000\040\000s\000u\000r\000f\000a\000c\000e\000\040\000p\000r\000o\000f\000i\000l\000e}{section.7.1}% 49
\BOOKMARK [2][]{subsection.7.1.3}{\376\377\0007\000.\0001\000.\0003\000\040\000B\000a\000c\000k\000g\000r\000o\000u\000n\000d\000\040\000w\000i\000t\000h\000\040\000t\000h\000e\000\040\000c\000o\000m\000p\000l\000e\000x\000\040\000g\000e\000o\000m\000e\000t\000r\000y\000,\000\040\000a\000n\000d\000\040\000a\000c\000c\000u\000r\000a\000t\000e\000\040\000s\000u\000r\000f\000a\000c\000e\000\040\000p\000r\000o\000f\000i\000l\000e}{section.7.1}% 50
\BOOKMARK [2][]{subsection.7.1.4}{\376\377\0007\000.\0001\000.\0004\000\040\000S\000u\000m\000m\000a\000r\000y\000\040\000o\000f\000\040\000s\000i\000m\000u\000l\000a\000t\000i\000o\000n\000s\000\040\000f\000o\000r\000\040\000t\000h\000e\000\040\000L\000B\000N\000E\000\040\000s\000u\000r\000f\000a\000c\000e\000\040\000d\000e\000t\000e\000c\000t\000o\000r}{section.7.1}% 51
\BOOKMARK [1][]{section.7.2}{\376\377\0007\000.\0002\000\040\000T\000h\000e\000\040\000u\000s\000e\000\040\000o\000f\000\040\000M\000U\000S\000U\000N\000\040\000i\000n\000\040\000L\000A\000r\000S\000o\000f\000t}{chapter.7}% 52
\BOOKMARK [1][]{section.7.3}{\376\377\0007\000.\0003\000\040\000N\000u\000c\000l\000e\000o\000n\000\040\000d\000e\000c\000a\000y\000\040\000c\000h\000a\000n\000n\000e\000l\000s\000\040\000i\000n\000\040\000D\000U\000N\000E}{chapter.7}% 53
\BOOKMARK [2][]{subsection.7.3.1}{\376\377\0007\000.\0003\000.\0001\000\040\000C\000o\000s\000m\000o\000g\000e\000n\000i\000c\000\040\000b\000a\000c\000k\000g\000r\000o\000u\000n\000d\000\040\000t\000o\000\040\000t\000h\000e\000\040\000n\000\040\000K\000+\000\040\000+\000\040\000e\000-\000\040\000d\000e\000c\000a\000y\000\040\000c\000h\000a\000n\000n\000e\000l}{section.7.3}% 54
\BOOKMARK [2][]{subsection.7.3.2}{\376\377\0007\000.\0003\000.\0002\000\040\000S\000i\000g\000n\000a\000l\000\040\000e\000v\000e\000n\000t\000s\000\040\000i\000n\000\040\000t\000h\000e\000\040\000n\000\040\000K\000+\000\040\000+\000\040\000e\000-\000\040\000d\000e\000c\000a\000y\000\040\000c\000h\000a\000n\000n\000e\000l}{section.7.3}% 55
\BOOKMARK [2][]{subsection.7.3.3}{\376\377\0007\000.\0003\000.\0003\000\040\000E\000n\000e\000r\000g\000y\000\040\000c\000o\000n\000s\000t\000r\000a\000i\000n\000t\000s\000\040\000o\000n\000\040\000t\000h\000e\000\040\000c\000o\000s\000m\000o\000g\000e\000n\000i\000c\000\040\000b\000a\000c\000k\000g\000r\000o\000u\000n\000d\000\040\000t\000o\000\040\000t\000h\000e\000\040\000n\000\040\000K\000+\000\040\000+\000\040\000e\000-\000\040\000d\000e\000c\000a\000y\000\040\000c\000h\000a\000n\000n\000e\000l}{section.7.3}% 56
\BOOKMARK [2][]{subsection.7.3.4}{\376\377\0007\000.\0003\000.\0004\000\040\000F\000u\000t\000u\000r\000e\000\040\000i\000m\000p\000r\000o\000v\000e\000m\000e\000n\000t\000s\000\040\000t\000o\000\040\000n\000u\000c\000l\000e\000o\000n\000\040\000d\000e\000c\000a\000y\000\040\000s\000t\000u\000d\000i\000e\000s\000\040\000a\000n\000d\000\040\000c\000o\000n\000c\000l\000u\000s\000i\000o\000n\000s}{section.7.3}% 57
\BOOKMARK [0][]{chapter*.143}{\376\377\000R\000e\000f\000e\000r\000e\000n\000c\000e\000s}{}% 58
\BOOKMARK [0][]{Appendix.a.A}{\376\377\000A\000p\000p\000e\000n\000d\000i\000x\000\040\000A\000\040\000S\000u\000p\000p\000o\000r\000t\000i\000n\000g\000\040\000f\000i\000g\000u\000r\000e\000s\000\040\000t\000o\000\040\000M\000o\000n\000t\000e\000\040\000C\000a\000r\000l\000o\000\040\000s\000t\000u\000d\000i\000e\000s\000\040\000c\000o\000n\000c\000e\000r\000n\000i\000n\000g\000\040\000d\000e\000t\000e\000r\000m\000i\000n\000i\000n\000g\000\040\000i\000n\000t\000e\000r\000a\000c\000t\000i\000o\000n\000\040\000t\000i\000m\000e\000s\000\040\000u\000s\000i\000n\000g\000\040\000t\000h\000e\000\040\000e\000f\000f\000e\000c\000t\000s\000\040\000o\000f\000\040\000d\000i\000f\000f\000u\000s\000i\000o\000n}{}% 59
\BOOKMARK [0][]{Appendix.a.B}{\376\377\000A\000p\000p\000e\000n\000d\000i\000x\000\040\000B\000\040\000S\000o\000m\000e\000t\000h\000i\000n\000g\000\040\000e\000l\000s\000e\000\040\000m\000i\000l\000d\000l\000y\000\040\000i\000n\000t\000e\000r\000e\000s\000t\000i\000n\000g}{}% 60
